<?xml version="1.0" encoding="UTF-8"?>
<!-- Generated by org.testng.reporters.JUnitReportReporter -->
<testsuite hostname="DESKTOP-4J1LCJ7" name="runner.RunCuke" tests="2" failures="0" timestamp="7 Jun 2019 21:31:38 GMT" time="45.581" errors="0">
  <testcase name="feature" time="24.462" classname="runner.RunCuke"/>
  <testcase name="feature" time="21.119" classname="runner.RunCuke"/>
</testsuite> <!-- runner.RunCuke -->
