<?xml version="1.0" encoding="UTF-8"?>
<!-- Generated by org.testng.reporters.JUnitReportReporter -->
<testsuite hostname="DESKTOP-4J1LCJ7" name="runner.RunCuke" tests="2" failures="0" timestamp="7 Jun 2019 22:56:51 GMT" time="46.674" errors="0">
  <testcase name="feature" time="23.797" classname="runner.RunCuke"/>
  <testcase name="feature" time="22.877" classname="runner.RunCuke"/>
</testsuite> <!-- runner.RunCuke -->
